{"uuid":"e53ebddf-1be5-49ab-8ec3-8bf970305dce","historyId":"9ec12b2891a38fa8c5eafb40f90b051e","fullName":"tests.AddToCardTest.searchAddProductTest","labels":[{"name":"package","value":"tests.AddToCardTest"},{"name":"testClass","value":"tests.AddToCardTest"},{"name":"testMethod","value":"searchAddProductTest"},{"name":"parentSuite","value":"Default Suite"},{"name":"suite","value":"ideasoft-qa-assesment"},{"name":"subSuite","value":"tests.AddToCardTest"},{"name":"host","value":"192.168.1.3"},{"name":"thread","value":"5090@192.168.1.3.main(1)"},{"name":"framework","value":"testng"},{"name":"language","value":"java"}],"links":[],"name":"searchAddProductTest","status":"broken","statusDetails":{"known":false,"muted":false,"flaky":false,"message":"Driver is not initialized","trace":"java.lang.RuntimeException: Driver is not initialized\n\tat core.driver.DriverManager.getDriver(DriverManager.java:45)\n\tat utils.WaitActions.getFluentWait(WaitActions.java:18)\n\tat utils.WaitActions.waitForVisible(WaitActions.java:26)\n\tat utils.UIActions.jsClickInternal(UIActions.java:148)\n\tat utils.UIActions.lambda$click$2(UIActions.java:47)\n\tat io.qameta.allure.Allure.lambda$step$0(Allure.java:112)\n\tat io.qameta.allure.Allure.lambda$step$1(Allure.java:126)\n\tat io.qameta.allure.Allure.step(Allure.java:180)\n\tat io.qameta.allure.Allure.step(Allure.java:124)\n\tat io.qameta.allure.Allure.step(Allure.java:111)\n\tat utils.UIActions.click(UIActions.java:46)\n\tat pages.actions.HomePageActions.clickAndSearchProduct(HomePageActions.java:9)\n\tat tests.AddToCardTest.searchAddProductTest(AddToCardTest.java:11)\n\tat java.base/jdk.internal.reflect.DirectMethodHandleAccessor.invoke(DirectMethodHandleAccessor.java:103)\n\tat java.base/java.lang.reflect.Method.invoke(Method.java:580)\n\tat org.testng.internal.invokers.MethodInvocationHelper.invokeMethod(MethodInvocationHelper.java:141)\n\tat org.testng.internal.invokers.TestInvoker.invokeMethod(TestInvoker.java:687)\n\tat org.testng.internal.invokers.TestInvoker.invokeTestMethod(TestInvoker.java:230)\n\tat org.testng.internal.invokers.MethodRunner.runInSequence(MethodRunner.java:63)\n\tat org.testng.internal.invokers.TestInvoker$MethodInvocationAgent.invoke(TestInvoker.java:995)\n\tat org.testng.internal.invokers.TestInvoker.invokeTestMethods(TestInvoker.java:203)\n\tat org.testng.internal.invokers.TestMethodWorker.invokeTestMethods(TestMethodWorker.java:154)\n\tat org.testng.internal.invokers.TestMethodWorker.run(TestMethodWorker.java:134)\n\tat java.base/java.util.ArrayList.forEach(ArrayList.java:1596)\n\tat org.testng.TestRunner.privateRun(TestRunner.java:741)\n\tat org.testng.TestRunner.run(TestRunner.java:616)\n\tat org.testng.SuiteRunner.runTest(SuiteRunner.java:421)\n\tat org.testng.SuiteRunner.runSequentially(SuiteRunner.java:413)\n\tat org.testng.SuiteRunner.privateRun(SuiteRunner.java:373)\n\tat org.testng.SuiteRunner.run(SuiteRunner.java:312)\n\tat org.testng.SuiteRunnerWorker.runSuite(SuiteRunnerWorker.java:52)\n\tat org.testng.SuiteRunnerWorker.run(SuiteRunnerWorker.java:95)\n\tat org.testng.TestNG.runSuitesSequentially(TestNG.java:1274)\n\tat org.testng.TestNG.runSuitesLocally(TestNG.java:1208)\n\tat org.testng.TestNG.runSuites(TestNG.java:1112)\n\tat org.testng.TestNG.run(TestNG.java:1079)\n\tat com.intellij.rt.testng.IDEARemoteTestNG.run(IDEARemoteTestNG.java:65)\n\tat com.intellij.rt.testng.RemoteTestNGStarter.main(RemoteTestNGStarter.java:105)\n"},"stage":"finished","steps":[{"name":"Click on element: By.className: auto-complete","status":"broken","statusDetails":{"known":false,"muted":false,"flaky":false,"message":"Click failed after 3 attempts","trace":"java.lang.RuntimeException: Click failed after 3 attempts\n\tat utils.UIActions.executeWithRetry(UIActions.java:30)\n\tat utils.UIActions.lambda$click$1(UIActions.java:39)\n\tat io.qameta.allure.Allure.lambda$step$0(Allure.java:112)\n\tat io.qameta.allure.Allure.lambda$step$1(Allure.java:126)\n\tat io.qameta.allure.Allure.step(Allure.java:180)\n\tat io.qameta.allure.Allure.step(Allure.java:124)\n\tat io.qameta.allure.Allure.step(Allure.java:111)\n\tat utils.UIActions.click(UIActions.java:38)\n\tat pages.actions.HomePageActions.clickAndSearchProduct(HomePageActions.java:9)\n\tat tests.AddToCardTest.searchAddProductTest(AddToCardTest.java:11)\n\tat java.base/jdk.internal.reflect.DirectMethodHandleAccessor.invoke(DirectMethodHandleAccessor.java:103)\n\tat java.base/java.lang.reflect.Method.invoke(Method.java:580)\n\tat org.testng.internal.invokers.MethodInvocationHelper.invokeMethod(MethodInvocationHelper.java:141)\n\tat org.testng.internal.invokers.TestInvoker.invokeMethod(TestInvoker.java:687)\n\tat org.testng.internal.invokers.TestInvoker.invokeTestMethod(TestInvoker.java:230)\n\tat org.testng.internal.invokers.MethodRunner.runInSequence(MethodRunner.java:63)\n\tat org.testng.internal.invokers.TestInvoker$MethodInvocationAgent.invoke(TestInvoker.java:995)\n\tat org.testng.internal.invokers.TestInvoker.invokeTestMethods(TestInvoker.java:203)\n\tat org.testng.internal.invokers.TestMethodWorker.invokeTestMethods(TestMethodWorker.java:154)\n\tat org.testng.internal.invokers.TestMethodWorker.run(TestMethodWorker.java:134)\n\tat java.base/java.util.ArrayList.forEach(ArrayList.java:1596)\n\tat org.testng.TestRunner.privateRun(TestRunner.java:741)\n\tat org.testng.TestRunner.run(TestRunner.java:616)\n\tat org.testng.SuiteRunner.runTest(SuiteRunner.java:421)\n\tat org.testng.SuiteRunner.runSequentially(SuiteRunner.java:413)\n\tat org.testng.SuiteRunner.privateRun(SuiteRunner.java:373)\n\tat org.testng.SuiteRunner.run(SuiteRunner.java:312)\n\tat org.testng.SuiteRunnerWorker.runSuite(SuiteRunnerWorker.java:52)\n\tat org.testng.SuiteRunnerWorker.run(SuiteRunnerWorker.java:95)\n\tat org.testng.TestNG.runSuitesSequentially(TestNG.java:1274)\n\tat org.testng.TestNG.runSuitesLocally(TestNG.java:1208)\n\tat org.testng.TestNG.runSuites(TestNG.java:1112)\n\tat org.testng.TestNG.run(TestNG.java:1079)\n\tat com.intellij.rt.testng.IDEARemoteTestNG.run(IDEARemoteTestNG.java:65)\n\tat com.intellij.rt.testng.RemoteTestNGStarter.main(RemoteTestNGStarter.java:105)\nCaused by: java.lang.RuntimeException: Driver is not initialized\n\tat core.driver.DriverManager.getDriver(DriverManager.java:45)\n\tat utils.WaitActions.getFluentWait(WaitActions.java:18)\n\tat utils.WaitActions.waitForClickable(WaitActions.java:30)\n\tat utils.UIActions.lambda$click$0(UIActions.java:40)\n\tat utils.UIActions.executeWithRetry(UIActions.java:24)\n\t... 34 more\n"},"stage":"finished","steps":[],"attachments":[],"parameters":[],"start":1768504826337,"stop":1768504826358},{"name":"Normal click failed, trying JS click for: By.className: auto-complete","status":"broken","statusDetails":{"known":false,"muted":false,"flaky":false,"message":"Driver is not initialized","trace":"java.lang.RuntimeException: Driver is not initialized\n\tat core.driver.DriverManager.getDriver(DriverManager.java:45)\n\tat utils.WaitActions.getFluentWait(WaitActions.java:18)\n\tat utils.WaitActions.waitForVisible(WaitActions.java:26)\n\tat utils.UIActions.jsClickInternal(UIActions.java:148)\n\tat utils.UIActions.lambda$click$2(UIActions.java:47)\n\tat io.qameta.allure.Allure.lambda$step$0(Allure.java:112)\n\tat io.qameta.allure.Allure.lambda$step$1(Allure.java:126)\n\tat io.qameta.allure.Allure.step(Allure.java:180)\n\tat io.qameta.allure.Allure.step(Allure.java:124)\n\tat io.qameta.allure.Allure.step(Allure.java:111)\n\tat utils.UIActions.click(UIActions.java:46)\n\tat pages.actions.HomePageActions.clickAndSearchProduct(HomePageActions.java:9)\n\tat tests.AddToCardTest.searchAddProductTest(AddToCardTest.java:11)\n\tat java.base/jdk.internal.reflect.DirectMethodHandleAccessor.invoke(DirectMethodHandleAccessor.java:103)\n\tat java.base/java.lang.reflect.Method.invoke(Method.java:580)\n\tat org.testng.internal.invokers.MethodInvocationHelper.invokeMethod(MethodInvocationHelper.java:141)\n\tat org.testng.internal.invokers.TestInvoker.invokeMethod(TestInvoker.java:687)\n\tat org.testng.internal.invokers.TestInvoker.invokeTestMethod(TestInvoker.java:230)\n\tat org.testng.internal.invokers.MethodRunner.runInSequence(MethodRunner.java:63)\n\tat org.testng.internal.invokers.TestInvoker$MethodInvocationAgent.invoke(TestInvoker.java:995)\n\tat org.testng.internal.invokers.TestInvoker.invokeTestMethods(TestInvoker.java:203)\n\tat org.testng.internal.invokers.TestMethodWorker.invokeTestMethods(TestMethodWorker.java:154)\n\tat org.testng.internal.invokers.TestMethodWorker.run(TestMethodWorker.java:134)\n\tat java.base/java.util.ArrayList.forEach(ArrayList.java:1596)\n\tat org.testng.TestRunner.privateRun(TestRunner.java:741)\n\tat org.testng.TestRunner.run(TestRunner.java:616)\n\tat org.testng.SuiteRunner.runTest(SuiteRunner.java:421)\n\tat org.testng.SuiteRunner.runSequentially(SuiteRunner.java:413)\n\tat org.testng.SuiteRunner.privateRun(SuiteRunner.java:373)\n\tat org.testng.SuiteRunner.run(SuiteRunner.java:312)\n\tat org.testng.SuiteRunnerWorker.runSuite(SuiteRunnerWorker.java:52)\n\tat org.testng.SuiteRunnerWorker.run(SuiteRunnerWorker.java:95)\n\tat org.testng.TestNG.runSuitesSequentially(TestNG.java:1274)\n\tat org.testng.TestNG.runSuitesLocally(TestNG.java:1208)\n\tat org.testng.TestNG.runSuites(TestNG.java:1112)\n\tat org.testng.TestNG.run(TestNG.java:1079)\n\tat com.intellij.rt.testng.IDEARemoteTestNG.run(IDEARemoteTestNG.java:65)\n\tat com.intellij.rt.testng.RemoteTestNGStarter.main(RemoteTestNGStarter.java:105)\n"},"stage":"finished","steps":[],"attachments":[],"parameters":[],"start":1768504826360,"stop":1768504826361}],"attachments":[],"parameters":[],"start":1768504820350,"stop":1768504831691}