{"uuid":"f11e6a3e-8c00-45ce-898b-37220ab60f38","historyId":"18a6c842f053f3c69b93e5b5726a20f6","fullName":"tests.LoginTest.invalidLoginTest","labels":[{"name":"package","value":"tests.LoginTest"},{"name":"testClass","value":"tests.LoginTest"},{"name":"testMethod","value":"invalidLoginTest"},{"name":"parentSuite","value":"Default Suite"},{"name":"suite","value":"ideasoft-qa-assesment"},{"name":"subSuite","value":"tests.LoginTest"},{"name":"host","value":"192.168.1.3"},{"name":"thread","value":"5028@192.168.1.3.main(1)"},{"name":"framework","value":"testng"},{"name":"language","value":"java"}],"links":[],"name":"invalidLoginTest","status":"passed","statusDetails":{"known":false,"muted":false,"flaky":false},"stage":"finished","steps":[{"name":"Click on element: By.xpath: //span[text()='Giriş Yap']","status":"passed","stage":"finished","steps":[],"attachments":[],"parameters":[],"start":1768742378410,"stop":1768742378952},{"name":"Click on element: By.id: user-login-email","status":"passed","stage":"finished","steps":[],"attachments":[],"parameters":[],"start":1768742378953,"stop":1768742379002},{"name":"Type 'emre12345@gmail.com' into element: By.id: user-login-email","status":"passed","stage":"finished","steps":[],"attachments":[],"parameters":[],"start":1768742379002,"stop":1768742379107},{"name":"Click on element: By.id: user-login-pass","status":"passed","stage":"finished","steps":[],"attachments":[],"parameters":[],"start":1768742379107,"stop":1768742379167},{"name":"Type 'emre54321' into element: By.id: user-login-pass","status":"passed","stage":"finished","steps":[],"attachments":[],"parameters":[],"start":1768742379168,"stop":1768742379207},{"name":"Click on element: By.xpath: //button[@type='submit']","status":"passed","stage":"finished","steps":[],"attachments":[],"parameters":[],"start":1768742379207,"stop":1768742379426},{"name":"Check if element is displayed: By.xpath: //span[text()='Email veya şifre yanlış. Lütfen tekrar deneyiniz.]","status":"broken","statusDetails":{"known":false,"muted":false,"flaky":false,"message":"Is Displayed failed after 3 attempts","trace":"java.lang.RuntimeException: Is Displayed failed after 3 attempts\n\tat utils.UIActions.executeWithRetry(UIActions.java:31)\n\tat utils.UIActions.lambda$isDisplayed$17(UIActions.java:148)\n\tat io.qameta.allure.Allure.lambda$step$1(Allure.java:126)\n\tat io.qameta.allure.Allure.step(Allure.java:180)\n\tat io.qameta.allure.Allure.step(Allure.java:124)\n\tat utils.UIActions.isDisplayed(UIActions.java:147)\n\tat pages.actions.LoginPageActions.isFailedLogin(LoginPageActions.java:34)\n\tat tests.LoginTest.invalidLoginTest(LoginTest.java:29)\n\tat java.base/jdk.internal.reflect.DirectMethodHandleAccessor.invoke(DirectMethodHandleAccessor.java:103)\n\tat java.base/java.lang.reflect.Method.invoke(Method.java:580)\n\tat org.testng.internal.invokers.MethodInvocationHelper.invokeMethod(MethodInvocationHelper.java:141)\n\tat org.testng.internal.invokers.TestInvoker.invokeMethod(TestInvoker.java:687)\n\tat org.testng.internal.invokers.TestInvoker.invokeTestMethod(TestInvoker.java:230)\n\tat org.testng.internal.invokers.MethodRunner.runInSequence(MethodRunner.java:63)\n\tat org.testng.internal.invokers.TestInvoker$MethodInvocationAgent.invoke(TestInvoker.java:995)\n\tat org.testng.internal.invokers.TestInvoker.invokeTestMethods(TestInvoker.java:203)\n\tat org.testng.internal.invokers.TestMethodWorker.invokeTestMethods(TestMethodWorker.java:154)\n\tat org.testng.internal.invokers.TestMethodWorker.run(TestMethodWorker.java:134)\n\tat java.base/java.util.ArrayList.forEach(ArrayList.java:1596)\n\tat org.testng.TestRunner.privateRun(TestRunner.java:741)\n\tat org.testng.TestRunner.run(TestRunner.java:616)\n\tat org.testng.SuiteRunner.runTest(SuiteRunner.java:421)\n\tat org.testng.SuiteRunner.runSequentially(SuiteRunner.java:413)\n\tat org.testng.SuiteRunner.privateRun(SuiteRunner.java:373)\n\tat org.testng.SuiteRunner.run(SuiteRunner.java:312)\n\tat org.testng.SuiteRunnerWorker.runSuite(SuiteRunnerWorker.java:52)\n\tat org.testng.SuiteRunnerWorker.run(SuiteRunnerWorker.java:95)\n\tat org.testng.TestNG.runSuitesSequentially(TestNG.java:1274)\n\tat org.testng.TestNG.runSuitesLocally(TestNG.java:1208)\n\tat org.testng.TestNG.runSuites(TestNG.java:1112)\n\tat org.testng.TestNG.run(TestNG.java:1079)\n\tat com.intellij.rt.testng.IDEARemoteTestNG.run(IDEARemoteTestNG.java:65)\n\tat com.intellij.rt.testng.RemoteTestNGStarter.main(RemoteTestNGStarter.java:105)\nCaused by: org.openqa.selenium.InvalidSelectorException: invalid selector: Unable to locate an element with the xpath expression //span[text()='Email veya şifre yanlış. Lütfen tekrar deneyiniz.] because of the following error:\nSyntaxError: Failed to execute 'evaluate' on 'Document': The string '//span[text()='Email veya şifre yanlış. Lütfen tekrar deneyiniz.]' is not a valid XPath expression.\n  (Session info: chrome=143.0.7499.193)\nFor documentation on this error, please visit: https://www.selenium.dev/documentation/webdriver/troubleshooting/errors#invalidselectorexception\nBuild info: version: '4.39.0', revision: '126f156aee'\nSystem info: os.name: 'Mac OS X', os.arch: 'aarch64', os.version: '15.1', java.version: '21.0.9'\nDriver info: org.openqa.selenium.chrome.ChromeDriver\nCommand: [2820cb0503a837659a2e8942dd5a6405, findElement {value=//span[text()='Email veya şifre yanlış. Lütfen tekrar deneyiniz.], using=xpath}]\nCapabilities {acceptInsecureCerts: false, browserName: chrome, browserVersion: 143.0.7499.193, chrome: {chromedriverVersion: 143.0.7499.192 (be2c1f4fd45..., userDataDir: /var/folders/rn/r_h06wq514j...}, fedcm:accounts: true, goog:chromeOptions: {debuggerAddress: localhost:50119}, goog:processID: 5030, networkConnectionEnabled: false, pageLoadStrategy: normal, platformName: mac, proxy: Proxy(), se:cdp: ws://localhost:50119/devtoo..., se:cdpVersion: 143.0.7499.193, setWindowRect: true, strictFileInteractability: false, timeouts: {implicit: 0, pageLoad: 300000, script: 30000}, unhandledPromptBehavior: dismiss and notify, webauthn:extension:credBlob: true, webauthn:extension:largeBlob: true, webauthn:extension:minPinLength: true, webauthn:extension:prf: true, webauthn:virtualAuthenticators: true}\nSession ID: 2820cb0503a837659a2e8942dd5a6405\n\tat java.base/jdk.internal.reflect.DirectConstructorHandleAccessor.newInstance(DirectConstructorHandleAccessor.java:62)\n\tat java.base/java.lang.reflect.Constructor.newInstanceWithCaller(Constructor.java:502)\n\tat java.base/java.lang.reflect.Constructor.newInstance(Constructor.java:486)\n\tat org.openqa.selenium.remote.ErrorCodec.decode(ErrorCodec.java:167)\n\tat org.openqa.selenium.remote.codec.w3c.W3CHttpResponseCodec.decode(W3CHttpResponseCodec.java:142)\n\tat org.openqa.selenium.remote.codec.w3c.W3CHttpResponseCodec.decode(W3CHttpResponseCodec.java:49)\n\tat org.openqa.selenium.remote.HttpCommandExecutor.execute(HttpCommandExecutor.java:215)\n\tat org.openqa.selenium.remote.service.DriverCommandExecutor.invokeExecute(DriverCommandExecutor.java:216)\n\tat org.openqa.selenium.remote.service.DriverCommandExecutor.execute(DriverCommandExecutor.java:174)\n\tat org.openqa.selenium.remote.RemoteWebDriver.execute(RemoteWebDriver.java:561)\n\tat org.openqa.selenium.remote.ElementLocation$ElementFinder$2.findElement(ElementLocation.java:166)\n\tat org.openqa.selenium.remote.ElementLocation.findElement(ElementLocation.java:60)\n\tat org.openqa.selenium.remote.RemoteWebDriver.findElement(RemoteWebDriver.java:384)\n\tat org.openqa.selenium.remote.RemoteWebDriver.findElement(RemoteWebDriver.java:378)\n\tat org.openqa.selenium.support.ui.ExpectedConditions$7.apply(ExpectedConditions.java:198)\n\tat org.openqa.selenium.support.ui.ExpectedConditions$7.apply(ExpectedConditions.java:194)\n\tat org.openqa.selenium.support.ui.FluentWait.until(FluentWait.java:203)\n\tat utils.WaitActions.waitForVisible(WaitActions.java:26)\n\tat utils.UIActions.lambda$isDisplayed$16(UIActions.java:149)\n\tat utils.UIActions.executeWithRetry(UIActions.java:25)\n\t... 32 more\n"},"stage":"finished","steps":[],"attachments":[],"parameters":[],"start":1768742379427,"stop":1768742379490},{"name":"Element is NOT displayed: By.xpath: //span[text()='Email veya şifre yanlış. Lütfen tekrar deneyiniz.]","status":"passed","stage":"finished","steps":[],"attachments":[],"parameters":[],"start":1768742379490,"stop":1768742379490}],"attachments":[],"parameters":[],"start":1768742378407,"stop":1768742379493}